Arguments: 
  C:\Program Files\nodejs\node.exe C:\Program Files (x86)\Yarn\bin\yarn.js

PATH: 
  C:\Program Files\Git\mingw64\bin;C:\Program Files\Git\usr\bin;C:\Users\arifu\bin;C:\Python312\Scripts;C:\Python312;C:\Windows\system32;C:\Windows;C:\Windows\System32\Wbem;C:\Windows\System32\WindowsPowerShell\v1.0;C:\Windows\System32\OpenSSH;C:\Program Files\Git\cmd;C:\ProgramData\chocolatey\bin;C:\Program Files (x86)\Yarn\bin;C:\Program Files\Docker\Docker\resources\bin;C:\Program Files\nodejs;C:\Program Files\Cloudflare\Cloudflare WARP;C:\Users\arifu\AppData\Local\Microsoft\WindowsApps;C:\Users\arifu\AppData\Local\Programs\Microsoft VS Code\bin;C:\Users\arifu\AppData\Local\Yarn\bin;C:\Users\arifu\AppData\Local\Programs\oh-my-posh\bin;C:\Users\arifu\AppData\Roaming\npm

Yarn version: 
  1.22.19

Node version: 
  20.11.0

Platform: 
  win32 x64

Trace: 
  Error: getaddrinfo ENOTFOUND registry.yarnpkg.com
      at GetAddrInfoReqWrap.onlookupall [as oncomplete] (node:dns:118:26)

npm manifest: 
  {
    "name": "auth",
    "version": "1.0.0",
    "main": "index.js",
    "license": "MIT",
    "scripts": {
      "dev": "ts-node-dev -r tsconfig-paths/register ./src/index.ts",
      "build": "tsc && tsc-alias",
      "migrate:dev": "prisma migrate dev",
      "migrate:prod": "prisma migrate deploy"
    },
    "dependencies": {
      "@prisma/client": "^5.10.2",
      "axios": "^1.6.7",
      "bcryptjs": "^2.4.3",
      "cors": "^2.8.5",
      "dotenv": "^16.4.5",
      "express": "^4.18.3",
      "jsonwebtoken": "^9.0.2",
      "morgan": "^1.10.0",
      "zod": "^3.22.4"
    },
    "devDependencies": {
      "@types/bcryptjs": "^2.4.6",
      "@types/cors": "^2.8.17",
      "@types/express": "^4.17.21",
      "@types/jsonwebtoken": "^9.0.6",
      "@types/node": "^20.11.24",
      "prisma": "^5.10.2",
      "ts-node-dev": "^2.0.0",
      "tsc": "^2.0.4",
      "tsc-alias": "^1.8.8",
      "tsconfig-paths": "^4.2.0",
      "typescript": "^5.3.3"
    }
  }

yarn manifest: 
  No manifest

Lockfile: 
  No lockfile
